This is pdfTeX, Version 3.14159265-2.6-1.40.19 (MiKTeX 2.9.6630 64-bit) (preloaded format=pdflatex 2018.5.9)  19 NOV 2019 20:15
entering extended mode
**./draft.tex
(draft.tex
LaTeX2e <2017-04-15>
Babel <3.18> and hyphenation patterns for 75 language(s) loaded.
("C:\Program Files\MiKTeX 2.9\tex\latex\base\article.cls"
Document Class: article 2014/09/29 v1.4h Standard LaTeX document class
("C:\Program Files\MiKTeX 2.9\tex\latex\base\size10.clo"
File: size10.clo 2014/09/29 v1.4h Standard LaTeX file (size option)
)
\c@part=\count79
\c@section=\count80
\c@subsection=\count81
\c@subsubsection=\count82
\c@paragraph=\count83
\c@subparagraph=\count84
\c@figure=\count85
\c@table=\count86
\abovecaptionskip=\skip41
\belowcaptionskip=\skip42
\bibindent=\dimen102
)
("C:\Program Files\MiKTeX 2.9\tex\latex\amsfonts\amssymb.sty"
Package: amssymb 2013/01/14 v3.01 AMS font symbols

("C:\Program Files\MiKTeX 2.9\tex\latex\amsfonts\amsfonts.sty"
Package: amsfonts 2013/01/14 v3.01 Basic AMSFonts support
\@emptytoks=\toks14
\symAMSa=\mathgroup4
\symAMSb=\mathgroup5
LaTeX Font Info:    Overwriting math alphabet `\mathfrak' in version `bold'
(Font)                  U/euf/m/n --> U/euf/b/n on input line 106.
))
("C:\Program Files\MiKTeX 2.9\tex\latex\amsmath\amsmath.sty"
Package: amsmath 2017/09/02 v2.17a AMS math features
\@mathmargin=\skip43

For additional information on amsmath, use the `?' option.
("C:\Program Files\MiKTeX 2.9\tex\latex\amsmath\amstext.sty"
Package: amstext 2000/06/29 v2.01 AMS text

("C:\Program Files\MiKTeX 2.9\tex\latex\amsmath\amsgen.sty"
File: amsgen.sty 1999/11/30 v2.0 generic functions
\@emptytoks=\toks15
\ex@=\dimen103
))
("C:\Program Files\MiKTeX 2.9\tex\latex\amsmath\amsbsy.sty"
Package: amsbsy 1999/11/29 v1.2d Bold Symbols
\pmbraise@=\dimen104
)
("C:\Program Files\MiKTeX 2.9\tex\latex\amsmath\amsopn.sty"
Package: amsopn 2016/03/08 v2.02 operator names
)
\inf@bad=\count87
LaTeX Info: Redefining \frac on input line 213.
\uproot@=\count88
\leftroot@=\count89
LaTeX Info: Redefining \overline on input line 375.
\classnum@=\count90
\DOTSCASE@=\count91
LaTeX Info: Redefining \ldots on input line 472.
LaTeX Info: Redefining \dots on input line 475.
LaTeX Info: Redefining \cdots on input line 596.
\Mathstrutbox@=\box26
\strutbox@=\box27
\big@size=\dimen105
LaTeX Font Info:    Redeclaring font encoding OML on input line 712.
LaTeX Font Info:    Redeclaring font encoding OMS on input line 713.
\macc@depth=\count92
\c@MaxMatrixCols=\count93
\dotsspace@=\muskip10
\c@parentequation=\count94
\dspbrk@lvl=\count95
\tag@help=\toks16
\row@=\count96
\column@=\count97
\maxfields@=\count98
\andhelp@=\toks17
\eqnshift@=\dimen106
\alignsep@=\dimen107
\tagshift@=\dimen108
\tagwidth@=\dimen109
\totwidth@=\dimen110
\lineht@=\dimen111
\@envbody=\toks18
\multlinegap=\skip44
\multlinetaggap=\skip45
\mathdisplay@stack=\toks19
LaTeX Info: Redefining \[ on input line 2817.
LaTeX Info: Redefining \] on input line 2818.
)
("C:\Program Files\MiKTeX 2.9\tex\latex\amscls\amsthm.sty"
Package: amsthm 2017/10/31 v2.20.4
\thm@style=\toks20
\thm@bodyfont=\toks21
\thm@headfont=\toks22
\thm@notefont=\toks23
\thm@headpunct=\toks24
\thm@preskip=\skip46
\thm@postskip=\skip47
\thm@headsep=\skip48
\dth@everypar=\toks25
)
("C:\Users\David Svoboda\AppData\Roaming\MiKTeX\2.9\tex\latex\mathtools\mathtoo
ls.sty"
Package: mathtools 2018/01/08 v1.21 mathematical typesetting tools
 ("C:\Program Files\MiKTeX 2.9\tex\latex\graphics\keyval.sty"
Package: keyval 2014/10/28 v1.15 key=value parser (DPC)
\KV@toks@=\toks26
)
("C:\Program Files\MiKTeX 2.9\tex\latex\tools\calc.sty"
Package: calc 2014/10/28 v4.3 Infix arithmetic (KKT,FJ)
\calc@Acount=\count99
\calc@Bcount=\count100
\calc@Adimen=\dimen112
\calc@Bdimen=\dimen113
\calc@Askip=\skip49
\calc@Bskip=\skip50
LaTeX Info: Redefining \setlength on input line 80.
LaTeX Info: Redefining \addtolength on input line 81.
\calc@Ccount=\count101
\calc@Cskip=\skip51
)
("C:\Users\David Svoboda\AppData\Roaming\MiKTeX\2.9\tex\latex\mathtools\mhsetup
.sty"
Package: mhsetup 2017/03/31 v1.3 programming setup (MH)
)
LaTeX Info: Thecontrolsequence`\('isalreadyrobust on input line 129.
LaTeX Info: Thecontrolsequence`\)'isalreadyrobust on input line 129.
LaTeX Info: Thecontrolsequence`\['isalreadyrobust on input line 129.
LaTeX Info: Thecontrolsequence`\]'isalreadyrobust on input line 129.
\g_MT_multlinerow_int=\count102
\l_MT_multwidth_dim=\dimen114
\origjot=\skip52
\l_MT_shortvdotswithinadjustabove_dim=\dimen115
\l_MT_shortvdotswithinadjustbelow_dim=\dimen116
\l_MT_above_intertext_sep=\dimen117
\l_MT_below_intertext_sep=\dimen118
\l_MT_above_shortintertext_sep=\dimen119
\l_MT_below_shortintertext_sep=\dimen120
)
("C:\Users\David Svoboda\AppData\Roaming\MiKTeX\2.9\tex\latex\bbm\bbm.sty"
Package: bbm 1999/03/15 V 1.2 provides fonts for set symbols - TH
LaTeX Font Info:    Overwriting math alphabet `\mathbbm' in version `bold'
(Font)                  U/bbm/m/n --> U/bbm/bx/n on input line 33.
LaTeX Font Info:    Overwriting math alphabet `\mathbbmss' in version `bold'
(Font)                  U/bbmss/m/n --> U/bbmss/bx/n on input line 35.
)
("C:\Users\David Svoboda\AppData\Roaming\MiKTeX\2.9\tex\latex\tikz-cd\tikz-cd.s
ty"
Package: tikz-cd 2014/10/30 v0.9e Commutative diagrams with tikz

("C:\Users\David Svoboda\AppData\Roaming\MiKTeX\2.9\tex\latex\pgf\frontendlayer
\tikz.sty"
("C:\Users\David Svoboda\AppData\Roaming\MiKTeX\2.9\tex\latex\pgf\basiclayer\pg
f.sty"
("C:\Users\David Svoboda\AppData\Roaming\MiKTeX\2.9\tex\latex\pgf\utilities\pgf
rcs.sty"
("C:\Users\David Svoboda\AppData\Roaming\MiKTeX\2.9\tex\generic\pgf\utilities\p
gfutil-common.tex"
\pgfutil@everybye=\toks27
\pgfutil@tempdima=\dimen121
\pgfutil@tempdimb=\dimen122

("C:\Users\David Svoboda\AppData\Roaming\MiKTeX\2.9\tex\generic\pgf\utilities\p
gfutil-common-lists.tex"))
("C:\Users\David Svoboda\AppData\Roaming\MiKTeX\2.9\tex\generic\pgf\utilities\p
gfutil-latex.def"
\pgfutil@abb=\box28

("C:\Users\David Svoboda\AppData\Roaming\MiKTeX\2.9\tex\latex\ms\everyshi.sty"
Package: everyshi 2001/05/15 v3.00 EveryShipout Package (MS)
))
("C:\Users\David Svoboda\AppData\Roaming\MiKTeX\2.9\tex\generic\pgf\utilities\p
gfrcs.code.tex"
Package: pgfrcs 2015/08/07 v3.0.1a (rcs-revision 1.31)
))
Package: pgf 2015/08/07 v3.0.1a (rcs-revision 1.15)

("C:\Users\David Svoboda\AppData\Roaming\MiKTeX\2.9\tex\latex\pgf\basiclayer\pg
fcore.sty" ("C:\Program Files\MiKTeX 2.9\tex\latex\graphics\graphicx.sty"
Package: graphicx 2017/06/01 v1.1a Enhanced LaTeX Graphics (DPC,SPQR)

("C:\Program Files\MiKTeX 2.9\tex\latex\graphics\graphics.sty"
Package: graphics 2017/06/25 v1.2c Standard LaTeX Graphics (DPC,SPQR)

("C:\Program Files\MiKTeX 2.9\tex\latex\graphics\trig.sty"
Package: trig 2016/01/03 v1.10 sin cos tan (DPC)
)
("C:\Program Files\MiKTeX 2.9\tex\latex\graphics-cfg\graphics.cfg"
File: graphics.cfg 2016/06/04 v1.11 sample graphics configuration
)
Package graphics Info: Driver file: pdftex.def on input line 99.

("C:\Program Files\MiKTeX 2.9\tex\latex\graphics-def\pdftex.def"
File: pdftex.def 2018/01/08 v1.0l Graphics/color driver for pdftex
))
\Gin@req@height=\dimen123
\Gin@req@width=\dimen124
)
("C:\Users\David Svoboda\AppData\Roaming\MiKTeX\2.9\tex\latex\pgf\systemlayer\p
gfsys.sty"
("C:\Users\David Svoboda\AppData\Roaming\MiKTeX\2.9\tex\generic\pgf\systemlayer
\pgfsys.code.tex"
Package: pgfsys 2014/07/09 v3.0.1a (rcs-revision 1.48)

("C:\Users\David Svoboda\AppData\Roaming\MiKTeX\2.9\tex\generic\pgf\utilities\p
gfkeys.code.tex"
\pgfkeys@pathtoks=\toks28
\pgfkeys@temptoks=\toks29

("C:\Users\David Svoboda\AppData\Roaming\MiKTeX\2.9\tex\generic\pgf\utilities\p
gfkeysfiltered.code.tex"
\pgfkeys@tmptoks=\toks30
))
\pgf@x=\dimen125
\pgf@y=\dimen126
\pgf@xa=\dimen127
\pgf@ya=\dimen128
\pgf@xb=\dimen129
\pgf@yb=\dimen130
\pgf@xc=\dimen131
\pgf@yc=\dimen132
\w@pgf@writea=\write3
\r@pgf@reada=\read1
\c@pgf@counta=\count103
\c@pgf@countb=\count104
\c@pgf@countc=\count105
\c@pgf@countd=\count106
\t@pgf@toka=\toks31
\t@pgf@tokb=\toks32
\t@pgf@tokc=\toks33

("C:\Users\David Svoboda\AppData\Roaming\MiKTeX\2.9\tex\generic\pgf\systemlayer
\pgf.cfg"
File: pgf.cfg 2008/05/14  (rcs-revision 1.7)
)
Driver file for pgf: pgfsys-pdftex.def

("C:\Users\David Svoboda\AppData\Roaming\MiKTeX\2.9\tex\generic\pgf\systemlayer
\pgfsys-pdftex.def"
File: pgfsys-pdftex.def 2014/10/11  (rcs-revision 1.35)

("C:\Users\David Svoboda\AppData\Roaming\MiKTeX\2.9\tex\generic\pgf\systemlayer
\pgfsys-common-pdf.def"
File: pgfsys-common-pdf.def 2013/10/10  (rcs-revision 1.13)
)))
("C:\Users\David Svoboda\AppData\Roaming\MiKTeX\2.9\tex\generic\pgf\systemlayer
\pgfsyssoftpath.code.tex"
File: pgfsyssoftpath.code.tex 2013/09/09  (rcs-revision 1.9)
\pgfsyssoftpath@smallbuffer@items=\count107
\pgfsyssoftpath@bigbuffer@items=\count108
)
("C:\Users\David Svoboda\AppData\Roaming\MiKTeX\2.9\tex\generic\pgf\systemlayer
\pgfsysprotocol.code.tex"
File: pgfsysprotocol.code.tex 2006/10/16  (rcs-revision 1.4)
))
("C:\Users\David Svoboda\AppData\Roaming\MiKTeX\2.9\tex\latex\xcolor\xcolor.sty
"
Package: xcolor 2016/05/11 v2.12 LaTeX color extensions (UK)
 ("C:\Program Files\MiKTeX 2.9\tex\latex\graphics-cfg\color.cfg"
File: color.cfg 2016/01/02 v1.6 sample color configuration
)
Package xcolor Info: Driver file: pdftex.def on input line 225.
Package xcolor Info: Model `cmy' substituted by `cmy0' on input line 1348.
Package xcolor Info: Model `hsb' substituted by `rgb' on input line 1352.
Package xcolor Info: Model `RGB' extended on input line 1364.
Package xcolor Info: Model `HTML' substituted by `rgb' on input line 1366.
Package xcolor Info: Model `Hsb' substituted by `hsb' on input line 1367.
Package xcolor Info: Model `tHsb' substituted by `hsb' on input line 1368.
Package xcolor Info: Model `HSB' substituted by `hsb' on input line 1369.
Package xcolor Info: Model `Gray' substituted by `gray' on input line 1370.
Package xcolor Info: Model `wave' substituted by `hsb' on input line 1371.
)
("C:\Users\David Svoboda\AppData\Roaming\MiKTeX\2.9\tex\generic\pgf\basiclayer\
pgfcore.code.tex"
Package: pgfcore 2010/04/11 v3.0.1a (rcs-revision 1.7)

("C:\Users\David Svoboda\AppData\Roaming\MiKTeX\2.9\tex\generic\pgf\math\pgfmat
h.code.tex"
("C:\Users\David Svoboda\AppData\Roaming\MiKTeX\2.9\tex\generic\pgf\math\pgfmat
hcalc.code.tex"
("C:\Users\David Svoboda\AppData\Roaming\MiKTeX\2.9\tex\generic\pgf\math\pgfmat
hutil.code.tex")
("C:\Users\David Svoboda\AppData\Roaming\MiKTeX\2.9\tex\generic\pgf\math\pgfmat
hparser.code.tex"
\pgfmath@dimen=\dimen133
\pgfmath@count=\count109
\pgfmath@box=\box29
\pgfmath@toks=\toks34
\pgfmath@stack@operand=\toks35
\pgfmath@stack@operation=\toks36
)
("C:\Users\David Svoboda\AppData\Roaming\MiKTeX\2.9\tex\generic\pgf\math\pgfmat
hfunctions.code.tex"
("C:\Users\David Svoboda\AppData\Roaming\MiKTeX\2.9\tex\generic\pgf\math\pgfmat
hfunctions.basic.code.tex")
("C:\Users\David Svoboda\AppData\Roaming\MiKTeX\2.9\tex\generic\pgf\math\pgfmat
hfunctions.trigonometric.code.tex")
("C:\Users\David Svoboda\AppData\Roaming\MiKTeX\2.9\tex\generic\pgf\math\pgfmat
hfunctions.random.code.tex")
("C:\Users\David Svoboda\AppData\Roaming\MiKTeX\2.9\tex\generic\pgf\math\pgfmat
hfunctions.comparison.code.tex")
("C:\Users\David Svoboda\AppData\Roaming\MiKTeX\2.9\tex\generic\pgf\math\pgfmat
hfunctions.base.code.tex")
("C:\Users\David Svoboda\AppData\Roaming\MiKTeX\2.9\tex\generic\pgf\math\pgfmat
hfunctions.round.code.tex")
("C:\Users\David Svoboda\AppData\Roaming\MiKTeX\2.9\tex\generic\pgf\math\pgfmat
hfunctions.misc.code.tex")
("C:\Users\David Svoboda\AppData\Roaming\MiKTeX\2.9\tex\generic\pgf\math\pgfmat
hfunctions.integerarithmetics.code.tex")))
("C:\Users\David Svoboda\AppData\Roaming\MiKTeX\2.9\tex\generic\pgf\math\pgfmat
hfloat.code.tex"
\c@pgfmathroundto@lastzeros=\count110
))
("C:\Users\David Svoboda\AppData\Roaming\MiKTeX\2.9\tex\generic\pgf\basiclayer\
pgfcorepoints.code.tex"
File: pgfcorepoints.code.tex 2013/10/07  (rcs-revision 1.27)
\pgf@picminx=\dimen134
\pgf@picmaxx=\dimen135
\pgf@picminy=\dimen136
\pgf@picmaxy=\dimen137
\pgf@pathminx=\dimen138
\pgf@pathmaxx=\dimen139
\pgf@pathminy=\dimen140
\pgf@pathmaxy=\dimen141
\pgf@xx=\dimen142
\pgf@xy=\dimen143
\pgf@yx=\dimen144
\pgf@yy=\dimen145
\pgf@zx=\dimen146
\pgf@zy=\dimen147
)
("C:\Users\David Svoboda\AppData\Roaming\MiKTeX\2.9\tex\generic\pgf\basiclayer\
pgfcorepathconstruct.code.tex"
File: pgfcorepathconstruct.code.tex 2013/10/07  (rcs-revision 1.29)
\pgf@path@lastx=\dimen148
\pgf@path@lasty=\dimen149
)
("C:\Users\David Svoboda\AppData\Roaming\MiKTeX\2.9\tex\generic\pgf\basiclayer\
pgfcorepathusage.code.tex"
File: pgfcorepathusage.code.tex 2014/11/02  (rcs-revision 1.24)
\pgf@shorten@end@additional=\dimen150
\pgf@shorten@start@additional=\dimen151
)
("C:\Users\David Svoboda\AppData\Roaming\MiKTeX\2.9\tex\generic\pgf\basiclayer\
pgfcorescopes.code.tex"
File: pgfcorescopes.code.tex 2015/05/08  (rcs-revision 1.46)
\pgfpic=\box30
\pgf@hbox=\box31
\pgf@layerbox@main=\box32
\pgf@picture@serial@count=\count111
)
("C:\Users\David Svoboda\AppData\Roaming\MiKTeX\2.9\tex\generic\pgf\basiclayer\
pgfcoregraphicstate.code.tex"
File: pgfcoregraphicstate.code.tex 2014/11/02  (rcs-revision 1.12)
\pgflinewidth=\dimen152
)
("C:\Users\David Svoboda\AppData\Roaming\MiKTeX\2.9\tex\generic\pgf\basiclayer\
pgfcoretransformations.code.tex"
File: pgfcoretransformations.code.tex 2015/08/07  (rcs-revision 1.20)
\pgf@pt@x=\dimen153
\pgf@pt@y=\dimen154
\pgf@pt@temp=\dimen155
)
("C:\Users\David Svoboda\AppData\Roaming\MiKTeX\2.9\tex\generic\pgf\basiclayer\
pgfcorequick.code.tex"
File: pgfcorequick.code.tex 2008/10/09  (rcs-revision 1.3)
)
("C:\Users\David Svoboda\AppData\Roaming\MiKTeX\2.9\tex\generic\pgf\basiclayer\
pgfcoreobjects.code.tex"
File: pgfcoreobjects.code.tex 2006/10/11  (rcs-revision 1.2)
)
("C:\Users\David Svoboda\AppData\Roaming\MiKTeX\2.9\tex\generic\pgf\basiclayer\
pgfcorepathprocessing.code.tex"
File: pgfcorepathprocessing.code.tex 2013/09/09  (rcs-revision 1.9)
)
("C:\Users\David Svoboda\AppData\Roaming\MiKTeX\2.9\tex\generic\pgf\basiclayer\
pgfcorearrows.code.tex"
File: pgfcorearrows.code.tex 2015/05/14  (rcs-revision 1.43)
\pgfarrowsep=\dimen156
)
("C:\Users\David Svoboda\AppData\Roaming\MiKTeX\2.9\tex\generic\pgf\basiclayer\
pgfcoreshade.code.tex"
File: pgfcoreshade.code.tex 2013/07/15  (rcs-revision 1.15)
\pgf@max=\dimen157
\pgf@sys@shading@range@num=\count112
)
("C:\Users\David Svoboda\AppData\Roaming\MiKTeX\2.9\tex\generic\pgf\basiclayer\
pgfcoreimage.code.tex"
File: pgfcoreimage.code.tex 2013/07/15  (rcs-revision 1.18)

("C:\Users\David Svoboda\AppData\Roaming\MiKTeX\2.9\tex\generic\pgf\basiclayer\
pgfcoreexternal.code.tex"
File: pgfcoreexternal.code.tex 2014/07/09  (rcs-revision 1.21)
\pgfexternal@startupbox=\box33
))
("C:\Users\David Svoboda\AppData\Roaming\MiKTeX\2.9\tex\generic\pgf\basiclayer\
pgfcorelayers.code.tex"
File: pgfcorelayers.code.tex 2013/07/18  (rcs-revision 1.7)
)
("C:\Users\David Svoboda\AppData\Roaming\MiKTeX\2.9\tex\generic\pgf\basiclayer\
pgfcoretransparency.code.tex"
File: pgfcoretransparency.code.tex 2013/09/30  (rcs-revision 1.5)
)
("C:\Users\David Svoboda\AppData\Roaming\MiKTeX\2.9\tex\generic\pgf\basiclayer\
pgfcorepatterns.code.tex"
File: pgfcorepatterns.code.tex 2013/11/07  (rcs-revision 1.5)
)))
("C:\Users\David Svoboda\AppData\Roaming\MiKTeX\2.9\tex\generic\pgf\modules\pgf
moduleshapes.code.tex"
File: pgfmoduleshapes.code.tex 2014/03/21  (rcs-revision 1.35)
\pgfnodeparttextbox=\box34
)
("C:\Users\David Svoboda\AppData\Roaming\MiKTeX\2.9\tex\generic\pgf\modules\pgf
moduleplot.code.tex"
File: pgfmoduleplot.code.tex 2015/08/03  (rcs-revision 1.13)
)
("C:\Users\David Svoboda\AppData\Roaming\MiKTeX\2.9\tex\latex\pgf\compatibility
\pgfcomp-version-0-65.sty"
Package: pgfcomp-version-0-65 2007/07/03 v3.0.1a (rcs-revision 1.7)
\pgf@nodesepstart=\dimen158
\pgf@nodesepend=\dimen159
)
("C:\Users\David Svoboda\AppData\Roaming\MiKTeX\2.9\tex\latex\pgf\compatibility
\pgfcomp-version-1-18.sty"
Package: pgfcomp-version-1-18 2007/07/23 v3.0.1a (rcs-revision 1.1)
))
("C:\Users\David Svoboda\AppData\Roaming\MiKTeX\2.9\tex\latex\pgf\utilities\pgf
for.sty"
("C:\Users\David Svoboda\AppData\Roaming\MiKTeX\2.9\tex\latex\pgf\utilities\pgf
keys.sty"
("C:\Users\David Svoboda\AppData\Roaming\MiKTeX\2.9\tex\generic\pgf\utilities\p
gfkeys.code.tex"))
("C:\Users\David Svoboda\AppData\Roaming\MiKTeX\2.9\tex\latex\pgf\math\pgfmath.
sty"
("C:\Users\David Svoboda\AppData\Roaming\MiKTeX\2.9\tex\generic\pgf\math\pgfmat
h.code.tex"))
("C:\Users\David Svoboda\AppData\Roaming\MiKTeX\2.9\tex\generic\pgf\utilities\p
gffor.code.tex"
Package: pgffor 2013/12/13 v3.0.1a (rcs-revision 1.25)

("C:\Users\David Svoboda\AppData\Roaming\MiKTeX\2.9\tex\generic\pgf\math\pgfmat
h.code.tex")
\pgffor@iter=\dimen160
\pgffor@skip=\dimen161
\pgffor@stack=\toks37
\pgffor@toks=\toks38
))
("C:\Users\David Svoboda\AppData\Roaming\MiKTeX\2.9\tex\generic\pgf\frontendlay
er\tikz\tikz.code.tex"
Package: tikz 2015/08/07 v3.0.1a (rcs-revision 1.151)

("C:\Users\David Svoboda\AppData\Roaming\MiKTeX\2.9\tex\generic\pgf\libraries\p
gflibraryplothandlers.code.tex"
File: pgflibraryplothandlers.code.tex 2013/08/31 v3.0.1a (rcs-revision 1.20)
\pgf@plot@mark@count=\count113
\pgfplotmarksize=\dimen162
)
\tikz@lastx=\dimen163
\tikz@lasty=\dimen164
\tikz@lastxsaved=\dimen165
\tikz@lastysaved=\dimen166
\tikzleveldistance=\dimen167
\tikzsiblingdistance=\dimen168
\tikz@figbox=\box35
\tikz@figbox@bg=\box36
\tikz@tempbox=\box37
\tikz@tempbox@bg=\box38
\tikztreelevel=\count114
\tikznumberofchildren=\count115
\tikznumberofcurrentchild=\count116
\tikz@fig@count=\count117

("C:\Users\David Svoboda\AppData\Roaming\MiKTeX\2.9\tex\generic\pgf\modules\pgf
modulematrix.code.tex"
File: pgfmodulematrix.code.tex 2013/09/17  (rcs-revision 1.8)
\pgfmatrixcurrentrow=\count118
\pgfmatrixcurrentcolumn=\count119
\pgf@matrix@numberofcolumns=\count120
)
\tikz@expandcount=\count121

("C:\Users\David Svoboda\AppData\Roaming\MiKTeX\2.9\tex\generic\pgf\frontendlay
er\tikz\libraries\tikzlibrarytopaths.code.tex"
File: tikzlibrarytopaths.code.tex 2008/06/17 v3.0.1a (rcs-revision 1.2)
)))
("C:\Users\David Svoboda\AppData\Roaming\MiKTeX\2.9\tex\generic\tikz-cd\tikzlib
rarycd.code.tex"
("C:\Users\David Svoboda\AppData\Roaming\MiKTeX\2.9\tex\generic\pgf\frontendlay
er\tikz\libraries\tikzlibrarymatrix.code.tex"
File: tikzlibrarymatrix.code.tex 2013/07/12 v3.0.1a (rcs-revision 1.4)
)
("C:\Users\David Svoboda\AppData\Roaming\MiKTeX\2.9\tex\generic\pgf\frontendlay
er\tikz\libraries\tikzlibraryquotes.code.tex"
File: tikzlibraryquotes.code.tex 2014/03/21 v3.0.1a (rcs-revision 1.4)
)
("C:\Users\David Svoboda\AppData\Roaming\MiKTeX\2.9\tex\generic\pgf\libraries\p
gflibraryarrows.meta.code.tex"
File: pgflibraryarrows.meta.code.tex 2015/05/13 v3.0.1a (rcs-revision 1.13)
\pgfarrowinset=\dimen169
\pgfarrowlength=\dimen170
\pgfarrowwidth=\dimen171
\pgfarrowlinewidth=\dimen172
)))
("C:\Users\David Svoboda\AppData\Roaming\MiKTeX\2.9\tex\latex\stmaryrd\stmaryrd
.sty"
Package: stmaryrd 1994/03/03 St Mary's Road symbol package
\symstmry=\mathgroup6
LaTeX Font Info:    Overwriting symbol font `stmry' in version `bold'
(Font)                  U/stmry/m/n --> U/stmry/b/n on input line 89.
) ("C:\Program Files\MiKTeX 2.9\tex\latex\tools\enumerate.sty"
Package: enumerate 2015/07/23 v3.00 enumerate extensions (DPC)
\@enLab=\toks39
)
("C:\Users\David Svoboda\AppData\Roaming\MiKTeX\2.9\tex\latex\fancyhdr\fancyhdr
.sty"
Package: fancyhdr 2017/06/30 v3.9a Extensive control of page headers and footer
s
\f@nch@headwidth=\skip53
\f@nch@O@elh=\skip54
\f@nch@O@erh=\skip55
\f@nch@O@olh=\skip56
\f@nch@O@orh=\skip57
\f@nch@O@elf=\skip58
\f@nch@O@erf=\skip59
\f@nch@O@olf=\skip60
\f@nch@O@orf=\skip61
)
\c@theorem=\count122
 ("C:\Program Files\MiKTeX 2.9\tex\generic\xypic\xy.tex" Bootstrap'ing:
catcodes, docmode, ("C:\Program Files\MiKTeX 2.9\tex\generic\xypic\xyrecat.tex"
) ("C:\Program Files\MiKTeX 2.9\tex\generic\xypic\xyidioms.tex")

 Xy-pic version 3.8.9 <2013/10/06>
 Copyright (c) 1991-2013 by Kristoffer H. Rose <krisrose@tug.org> and others
 Xy-pic is free software: see the User's Guide for details.

Loading kernel: messages; fonts; allocations: state,
\X@c=\dimen173
\Y@c=\dimen174
\U@c=\dimen175
\D@c=\dimen176
\L@c=\dimen177
\R@c=\dimen178
\Edge@c=\toks40
\X@p=\dimen179
\Y@p=\dimen180
\U@p=\dimen181
\D@p=\dimen182
\L@p=\dimen183
\R@p=\dimen184
\Edge@p=\toks41
\X@origin=\dimen185
\Y@origin=\dimen186
\X@xbase=\dimen187
\Y@xbase=\dimen188
\X@ybase=\dimen189
\Y@ybase=\dimen190
\X@min=\dimen191
\Y@min=\dimen192
\X@max=\dimen193
\Y@max=\dimen194
\lastobjectbox@=\box39
\zerodotbox@=\box40
\almostz@=\dimen195
 direction,
\d@X=\dimen196
\d@Y=\dimen197
\K@=\count123
\KK@=\count124
\Direction=\count125
\K@dXdY=\dimen198
\K@dYdX=\dimen199
\xyread@=\read2
\xywrite@=\write4
\csp@=\count126
\quotPTK@=\dimen256

utility macros; pictures: \xy, positions,
\swaptoks@@=\toks42
\connectobjectbox@@=\box41
 objects,
\styletoks@=\toks43
 decorations;
kernel objects: directionals, circles, text; options; algorithms: directions,
edges, connections;  Xy-pic loaded)
("C:\Program Files\MiKTeX 2.9\tex\generic\xypic\xyall.tex"
 Xy-pic option: All features v.3.8
("C:\Program Files\MiKTeX 2.9\tex\generic\xypic\xycurve.tex"
 Xy-pic option: Curve and Spline extension v.3.12 curve,
\crv@cnt@=\count127
\crvpts@=\toks44
\splinebox@=\box42
\splineval@=\dimen257
\splinedepth@=\dimen258
\splinetol@=\dimen259
\splinelength@=\dimen260
 circles,
\L@=\dimen261
 loaded)
("C:\Program Files\MiKTeX 2.9\tex\generic\xypic\xyframe.tex"
 Xy-pic option: Frame and Bracket extension v.3.14 loaded)
("C:\Program Files\MiKTeX 2.9\tex\generic\xypic\xycmtip.tex"
 Xy-pic option: Computer Modern tip extension v.3.7
("C:\Program Files\MiKTeX 2.9\tex\generic\xypic\xytips.tex"
 Xy-pic option: More Tips extension v.3.11 loaded) loaded)
("C:\Program Files\MiKTeX 2.9\tex\generic\xypic\xyline.tex"
 Xy-pic option: Line styles extension v.3.10
\xylinethick@=\dimen262
 loaded)
("C:\Program Files\MiKTeX 2.9\tex\generic\xypic\xyrotate.tex"
 Xy-pic option: Rotate and Scale extension v.3.8 loaded)
("C:\Program Files\MiKTeX 2.9\tex\generic\xypic\xycolor.tex"
 Xy-pic option: Colour extension v.3.11 loaded)
("C:\Program Files\MiKTeX 2.9\tex\generic\xypic\xymatrix.tex"
 Xy-pic option: Matrix feature v.3.14
\Row=\count128
\Col=\count129
\queue@=\toks45
\queue@@=\toks46
\qcount@=\count130
\qcount@@=\count131
\matrixsize@=\count132
 loaded)
("C:\Program Files\MiKTeX 2.9\tex\generic\xypic\xyarrow.tex"
 Xy-pic option: Arrow and Path feature v.3.9 path, \ar, loaded)
("C:\Program Files\MiKTeX 2.9\tex\generic\xypic\xygraph.tex"
 Xy-pic option: Graph feature v.3.11 loaded) loaded) (draft.aux

LaTeX Warning: Label `(2,2)para' multiply defined.

)
\openout1 = `draft.aux'.

LaTeX Font Info:    Checking defaults for OML/cmm/m/it on input line 105.
LaTeX Font Info:    ... okay on input line 105.
LaTeX Font Info:    Checking defaults for T1/cmr/m/n on input line 105.
LaTeX Font Info:    ... okay on input line 105.
LaTeX Font Info:    Checking defaults for OT1/cmr/m/n on input line 105.
LaTeX Font Info:    ... okay on input line 105.
LaTeX Font Info:    Checking defaults for OMS/cmsy/m/n on input line 105.
LaTeX Font Info:    ... okay on input line 105.
LaTeX Font Info:    Checking defaults for OMX/cmex/m/n on input line 105.
LaTeX Font Info:    ... okay on input line 105.
LaTeX Font Info:    Checking defaults for U/cmr/m/n on input line 105.
LaTeX Font Info:    ... okay on input line 105.
 ABD: EveryShipout initializing macros
("C:\Users\David Svoboda\AppData\Roaming\MiKTeX\2.9\tex\context\base\supp-pdf.m
kii"
[Loading MPS to PDF converter (version 2006.09.02).]
\scratchcounter=\count133
\scratchdimen=\dimen263
\scratchbox=\box43
\nofMPsegments=\count134
\nofMParguments=\count135
\everyMPshowfont=\toks47
\MPscratchCnt=\count136
\MPscratchDim=\dimen264
\MPnumerator=\count137
\makeMPintoPDFobject=\count138
\everyMPtoPDFconversion=\toks48
) ("C:\Program Files\MiKTeX 2.9\tex\latex\oberdiek\epstopdf-base.sty"
Package: epstopdf-base 2016/05/15 v2.6 Base part for package epstopdf

("C:\Program Files\MiKTeX 2.9\tex\generic\oberdiek\infwarerr.sty"
Package: infwarerr 2016/05/16 v1.4 Providing info/warning/error messages (HO)
)
("C:\Program Files\MiKTeX 2.9\tex\latex\oberdiek\grfext.sty"
Package: grfext 2016/05/16 v1.2 Manage graphics extensions (HO)

("C:\Program Files\MiKTeX 2.9\tex\generic\oberdiek\kvdefinekeys.sty"
Package: kvdefinekeys 2016/05/16 v1.4 Define keys (HO)

("C:\Program Files\MiKTeX 2.9\tex\generic\oberdiek\ltxcmds.sty"
Package: ltxcmds 2016/05/16 v1.23 LaTeX kernel commands for general use (HO)
)))
("C:\Program Files\MiKTeX 2.9\tex\latex\oberdiek\kvoptions.sty"
Package: kvoptions 2016/05/16 v3.12 Key value format for package options (HO)

("C:\Program Files\MiKTeX 2.9\tex\generic\oberdiek\kvsetkeys.sty"
Package: kvsetkeys 2016/05/16 v1.17 Key value parser (HO)

("C:\Program Files\MiKTeX 2.9\tex\generic\oberdiek\etexcmds.sty"
Package: etexcmds 2016/05/16 v1.6 Avoid name clashes with e-TeX commands (HO)

("C:\Program Files\MiKTeX 2.9\tex\generic\oberdiek\ifluatex.sty"
Package: ifluatex 2016/05/16 v1.4 Provides the ifluatex switch (HO)
Package ifluatex Info: LuaTeX not detected.
)
Package etexcmds Info: Could not find \expanded.
(etexcmds)             That can mean that you are not using pdfTeX 1.50 or
(etexcmds)             that some package has redefined \expanded.
(etexcmds)             In the latter case, load this package earlier.
)))
("C:\Program Files\MiKTeX 2.9\tex\generic\oberdiek\pdftexcmds.sty"
Package: pdftexcmds 2018/01/21 v0.26 Utility functions of pdfTeX for LuaTeX (HO
)

("C:\Program Files\MiKTeX 2.9\tex\generic\oberdiek\ifpdf.sty"
Package: ifpdf 2017/03/15 v3.2 Provides the ifpdf switch
)
Package pdftexcmds Info: LuaTeX not detected.
Package pdftexcmds Info: \pdf@primitive is available.
Package pdftexcmds Info: \pdf@ifprimitive is available.
Package pdftexcmds Info: \pdfdraftmode found.
)
Package epstopdf-base Info: Redefining graphics rule for `.eps' on input line 4
38.
Package grfext Info: Graphics extension search list:
(grfext)             [.pdf,.png,.jpg,.mps,.jpeg,.jbig2,.jb2,.PDF,.PNG,.JPG,.JPE
G,.JBIG2,.JB2,.eps]
(grfext)             \AppendGraphicsExtensions on input line 456.
)
LaTeX Font Info:    Try loading font information for U+msa on input line 107.

("C:\Program Files\MiKTeX 2.9\tex\latex\amsfonts\umsa.fd"
File: umsa.fd 2013/01/14 v3.01 AMS symbols A
)
LaTeX Font Info:    Try loading font information for U+msb on input line 107.

("C:\Program Files\MiKTeX 2.9\tex\latex\amsfonts\umsb.fd"
File: umsb.fd 2013/01/14 v3.01 AMS symbols B
)
LaTeX Font Info:    Try loading font information for U+stmry on input line 107.


("C:\Users\David Svoboda\AppData\Roaming\MiKTeX\2.9\tex\latex\stmaryrd\ustmry.f
d")

LaTeX Warning: No \author given.

(draft.toc)
\tf@toc=\write5
\openout5 = `draft.toc'.

 [1

{C:/Users/David Svoboda/AppData/Local/MiKTeX/2.9/pdftex/config/pdftex.map}]
LaTeX Font Info:    Try loading font information for U+bbm on input line 125.

("C:\Users\David Svoboda\AppData\Roaming\MiKTeX\2.9\tex\latex\bbm\ubbm.fd"
File: ubbm.fd 1999/03/15 V 1.2 Font definition for bbm font - TH
)

Package Fancyhdr Warning: \headheight is too small (12.0pt): 
 Make it at least 22.43335pt.
 We now make it that large for the rest of the document.
 This may cause the page layout to be inconsistent, however.

[2]

Package Fancyhdr Warning: \headheight is too small (12.0pt): 
 Make it at least 22.43335pt.
 We now make it that large for the rest of the document.
 This may cause the page layout to be inconsistent, however.

[3]
Overfull \hbox (2.35732pt too wide) in paragraph at lines 211--213
\OT1/cmr/m/n/10 [](\OML/cmm/m/it/10 T[]\OT1/cmr/m/n/10 )$. The cor-re-spond-in
g sec-tions are de-noted by $
[](\OMS/cmsy/m/n/10 P\OT1/cmr/m/n/10 )$ and $
[]$,
 []


Package Fancyhdr Warning: \headheight is too small (12.0pt): 
 Make it at least 22.43335pt.
 We now make it that large for the rest of the document.
 This may cause the page layout to be inconsistent, however.

[4]

Package Fancyhdr Warning: \headheight is too small (12.0pt): 
 Make it at least 22.43335pt.
 We now make it that large for the rest of the document.
 This may cause the page layout to be inconsistent, however.

[5]

Package Fancyhdr Warning: \headheight is too small (12.0pt): 
 Make it at least 22.43335pt.
 We now make it that large for the rest of the document.
 This may cause the page layout to be inconsistent, however.

[6]
LaTeX Font Info:    Try loading font information for U+euf on input line 353.
 ("C:\Program Files\MiKTeX 2.9\tex\latex\amsfonts\ueuf.fd"
File: ueuf.fd 2013/01/14 v3.01 Euler Fraktur
)
Overfull \hbox (0.29141pt too wide) in paragraph at lines 357--358
[]\OT1/cmr/m/it/10 Example \OT1/cmr/m/n/10 2.8 (Para--com-plex struc-tures)\OT1
/cmr/m/it/10 . []\OT1/cmr/m/n/10 A para-complex struc-ture $\OML/cmm/m/it/10 K 
\OMS/cmsy/m/n/10 2 []\OT1/cmr/m/n/10 (\OML/cmm/m/it/10 T\OT1/cmr/m/n/10 )$,
 []


Package Fancyhdr Warning: \headheight is too small (12.0pt): 
 Make it at least 22.43335pt.
 We now make it that large for the rest of the document.
 This may cause the page layout to be inconsistent, however.

[7]

Package Fancyhdr Warning: \headheight is too small (12.0pt): 
 Make it at least 22.43335pt.
 We now make it that large for the rest of the document.
 This may cause the page layout to be inconsistent, however.

[8]
Overfull \hbox (3.1265pt too wide) in paragraph at lines 464--465
[]\OT1/cmr/bx/n/10 Remark 2.12. []\OT1/cmr/m/n/10 The most gen-eral $2\OML/cmm/
m/it/10 D$ $\OT1/cmr/m/n/10 (1\OML/cmm/m/it/10 ; \OT1/cmr/m/n/10 1)$ sigma mode
l on a pseudo-Riemannian
 []


Package Fancyhdr Warning: \headheight is too small (12.0pt): 
 Make it at least 22.43335pt.
 We now make it that large for the rest of the document.
 This may cause the page layout to be inconsistent, however.

[9]

Package Fancyhdr Warning: \headheight is too small (12.0pt): 
 Make it at least 22.43335pt.
 We now make it that large for the rest of the document.
 This may cause the page layout to be inconsistent, however.

[10]

Package Fancyhdr Warning: \headheight is too small (12.0pt): 
 Make it at least 22.43335pt.
 We now make it that large for the rest of the document.
 This may cause the page layout to be inconsistent, however.

[11] [12] [13] [14]
Overfull \hbox (15.91345pt too wide) detected at line 739
[]
 []

[15]
Overfull \hbox (116.03525pt too wide) detected at line 801
\OML/cmm/m/it/10 Q[] \OT1/cmr/m/n/10 : (\OML/cmm/m/it/10 [];  [];  []; F[]\OT1
/cmr/m/n/10 ) \OMS/cmsy/m/n/10 7! \OT1/cmr/m/n/10 ((\OML/cmm/m/it/10 K[]\OT1/cm
r/m/n/10 )[]\OML/cmm/m/it/10  []; \OMS/cmsy/m/n/10  \OT1/cmr/m/n/10 (\OML/cmm/m
/it/10 K[]\OT1/cmr/m/n/10 )[]\OML/cmm/m/it/10 @[][] \OMS/cmsy/m/n/10   \OML/cm
m/m/it/10 @[]\OT1/cmr/m/n/10 (\OML/cmm/m/it/10 K[]\OT1/cmr/m/n/10 )[]\OML/cmm/m
/it/10  [] []; \OT1/cmr/m/n/10 (\OML/cmm/m/it/10 K[]\OT1/cmr/m/n/10 )[]\OML/cmm
/m/it/10 F[] \OT1/cmr/m/n/10 + \OML/cmm/m/it/10 @[]\OT1/cmr/m/n/10 (\OML/cmm/m/
it/10 K[]\OT1/cmr/m/n/10 )[]\OML/cmm/m/it/10  [] []; [][][][]\OT1/cmr/m/n/10 )
 []


Overfull \hbox (117.14624pt too wide) detected at line 805
\OML/cmm/m/it/10 Q[] \OT1/cmr/m/n/10 : (\OML/cmm/m/it/10 [];  [];  []; F[]\OT1
/cmr/m/n/10 ) \OMS/cmsy/m/n/10 7! \OT1/cmr/m/n/10 ((\OML/cmm/m/it/10 K[]\OT1/cm
r/m/n/10 )[]\OML/cmm/m/it/10  []; \OMS/cmsy/m/n/10  \OT1/cmr/m/n/10 (\OML/cmm/m
/it/10 K[]\OT1/cmr/m/n/10 )[]\OML/cmm/m/it/10 @[][] \OMS/cmsy/m/n/10   \OML/cm
m/m/it/10 @[]\OT1/cmr/m/n/10 (\OML/cmm/m/it/10 K[]\OT1/cmr/m/n/10 )[]\OML/cmm/m
/it/10  [] []; \OT1/cmr/m/n/10 (\OML/cmm/m/it/10 K[]\OT1/cmr/m/n/10 )[]\OML/cmm
/m/it/10 F[] \OT1/cmr/m/n/10 + \OML/cmm/m/it/10 @[]\OT1/cmr/m/n/10 (\OML/cmm/m/
it/10 K[]\OT1/cmr/m/n/10 )[]\OML/cmm/m/it/10  [] []; [][][][]\OT1/cmr/m/n/10 )
 []

[16] [17]

LaTeX Warning: Citation `AKSZ' on page 18 undefined on input line 885.


LaTeX Warning: Citation `Roytenberg:2002nu' on page 18 undefined on input line 
885.


LaTeX Warning: Citation `Roytenberg:2002nu' on page 18 undefined on input line 
889.


LaTeX Warning: Citation `??' on page 18 undefined on input line 889.


LaTeX Warning: Citation `Roytenberg:2002nu' on page 18 undefined on input line 
896.


LaTeX Warning: Citation `Roytenberg:2002nu' on page 18 undefined on input line 
898.

[18]

LaTeX Warning: Citation `Ryotenberg:2002nu' on page 19 undefined on input line 
920.

[19]
LaTeX Font Info:    Try loading font information for OMS+cmr on input line 1006
.
 ("C:\Program Files\MiKTeX 2.9\tex\latex\base\omscmr.fd"
File: omscmr.fd 2014/09/29 v2.5h Standard LaTeX font definitions
)
LaTeX Font Info:    Font shape `OMS/cmr/m/n' in size <10> not available
(Font)              Font shape `OMS/cmsy/m/n' tried instead on input line 1006.

 [20]
Overfull \hbox (0.10071pt too wide) detected at line 1021
[]
 []


LaTeX Warning: Reference `Q12_action' on page 21 undefined on input line 1034.


LaTeX Warning: Reference `Q12_action' on page 21 undefined on input line 1048.

[21] [22] [23] [24] (draft.bbl [25]
Missing character: There is no Ã in font cmr10!
Missing character: There is no © in font cmr10!
) [26] (draft.aux)

LaTeX Warning: There were undefined references.


LaTeX Warning: There were multiply-defined labels.

 ) 
Here is how much of TeX's memory you used:
 16442 strings out of 493305
 316995 string characters out of 3138849
 392272 words of memory out of 3000000
 19624 multiletter control sequences out of 15000+200000
 18136 words of font info for 78 fonts, out of 3000000 for 9000
 1141 hyphenation exceptions out of 8191
 61i,21n,84p,1113b,341s stack positions out of 5000i,500n,10000p,200000b,50000s
 <C:\Users\David Svoboda\AppData\Local\MiKTeX\2.9\fonts\pk\ljfour\public\bbm\
dpi600\bbm10.pk><C:/Program Files/MiKTeX 2.9/fonts/type1/public/amsfonts/cm/cmb
x10.pfb><C:/Program Files/MiKTeX 2.9/fonts/type1/public/amsfonts/cm/cmbx12.pfb>
<C:/Program Files/MiKTeX 2.9/fonts/type1/public/amsfonts/cm/cmbx7.pfb><C:/Progr
am Files/MiKTeX 2.9/fonts/type1/public/amsfonts/cm/cmex10.pfb><C:/Program Files
/MiKTeX 2.9/fonts/type1/public/amsfonts/cm/cmmi10.pfb><C:/Program Files/MiKTeX 
2.9/fonts/type1/public/amsfonts/cm/cmmi12.pfb><C:/Program Files/MiKTeX 2.9/font
s/type1/public/amsfonts/cm/cmmi5.pfb><C:/Program Files/MiKTeX 2.9/fonts/type1/p
ublic/amsfonts/cm/cmmi6.pfb><C:/Program Files/MiKTeX 2.9/fonts/type1/public/ams
fonts/cm/cmmi7.pfb><C:/Program Files/MiKTeX 2.9/fonts/type1/public/amsfonts/cm/
cmmi8.pfb><C:/Program Files/MiKTeX 2.9/fonts/type1/public/amsfonts/cm/cmr10.pfb
><C:/Program Files/MiKTeX 2.9/fonts/type1/public/amsfonts/cm/cmr12.pfb><C:/Prog
ram Files/MiKTeX 2.9/fonts/type1/public/amsfonts/cm/cmr17.pfb><C:/Program Files
/MiKTeX 2.9/fonts/type1/public/amsfonts/cm/cmr5.pfb><C:/Program Files/MiKTeX 2.
9/fonts/type1/public/amsfonts/cm/cmr6.pfb><C:/Program Files/MiKTeX 2.9/fonts/ty
pe1/public/amsfonts/cm/cmr7.pfb><C:/Program Files/MiKTeX 2.9/fonts/type1/public
/amsfonts/cm/cmr8.pfb><C:/Program Files/MiKTeX 2.9/fonts/type1/public/amsfonts/
cm/cmsy10.pfb><C:/Program Files/MiKTeX 2.9/fonts/type1/public/amsfonts/cm/cmsy5
.pfb><C:/Program Files/MiKTeX 2.9/fonts/type1/public/amsfonts/cm/cmsy6.pfb><C:/
Program Files/MiKTeX 2.9/fonts/type1/public/amsfonts/cm/cmsy7.pfb><C:/Program F
iles/MiKTeX 2.9/fonts/type1/public/amsfonts/cm/cmti10.pfb><C:/Program Files/MiK
TeX 2.9/fonts/type1/public/amsfonts/cm/cmtt10.pfb><C:/Program Files/MiKTeX 2.9/
fonts/type1/public/amsfonts/euler/eufm10.pfb><C:/Program Files/MiKTeX 2.9/fonts
/type1/public/amsfonts/symbols/msbm10.pfb><C:/Program Files/MiKTeX 2.9/fonts/ty
pe1/public/amsfonts/symbols/msbm7.pfb><C:/Users/David Svoboda/AppData/Roaming/M
iKTeX/2.9/fonts/type1/public/hoekwater/stmary10.pfb>
Output written on draft.pdf (26 pages, 412842 bytes).
PDF statistics:
 202 PDF objects out of 1000 (max. 8388607)
 0 named destinations out of 1000 (max. 500000)
 13 words of extra memory for PDF output out of 10000 (max. 10000000)

