\BOOKMARK [1][-]{section.1}{Introduction}{}% 1
\BOOKMARK [2][-]{subsection.1.1}{Notations and conventions}{section.1}% 2
\BOOKMARK [1][-]{section.2}{Background on paracomplex and generalized geometry}{}% 3
\BOOKMARK [2][-]{subsection.2.1}{Paracomplex geometry}{section.2}% 4
\BOOKMARK [2][-]{subsection.2.2}{Generalized para-geometry}{section.2}% 5
\BOOKMARK [3][-]{subsubsection.2.2.1}{Background on Courant algebroids}{subsection.2.2}% 6
\BOOKMARK [3][-]{subsubsection.2.2.2}{The exact Courant algebroid structure}{subsection.2.2}% 7
\BOOKMARK [2][-]{subsection.2.3}{Generalized para-K\344hler geometry}{section.2}% 8
\BOOKMARK [3][-]{subsubsection.2.3.1}{Isomorphism between TT* and TT}{subsection.2.3}% 9
\BOOKMARK [1][-]{section.3}{Two-dimensional parasupersymmetry}{}% 10
\BOOKMARK [2][-]{subsection.3.1}{A reminder on \(1,1\) supersymmetry}{section.3}% 11
\BOOKMARK [3][-]{subsubsection.3.1.1}{The \(1,1\) supersymmetric -model}{subsection.3.1}% 12
\BOOKMARK [2][-]{subsection.3.2}{\(2,2\) para-supersymmetry}{section.3}% 13
\BOOKMARK [3][-]{subsubsection.3.2.1}{R-symmetry}{subsection.3.2}% 14
\BOOKMARK [2][-]{subsection.3.3}{The \(2,2\) parasupersymmetric -model}{section.3}% 15
\BOOKMARK [2][-]{subsection.3.4}{\(2,1\) and \(2,0\) parasupersymmetry}{section.3}% 16
\BOOKMARK [1][-]{section.4}{AKSZ and generailzed para-geometry}{}% 17
\BOOKMARK [2][-]{subsection.4.1}{Courant algebroids, 3D TFTs, and boundary conditions}{section.4}% 18
\BOOKMARK [3][-]{subsubsection.4.1.1}{The AKSZ theory associated to a Courant algebroid}{subsection.4.1}% 19
\BOOKMARK [3][-]{subsubsection.4.1.2}{Dirac structures and boundary conditions}{subsection.4.1}% 20
\BOOKMARK [2][-]{subsection.4.2}{Two dimensional TFT from GpC structures}{section.4}% 21
\BOOKMARK [2][-]{subsection.4.3}{Para holomorphic variants}{section.4}% 22
\BOOKMARK [1][-]{section.5}{Twisted parasupersymmetry}{}% 23
\BOOKMARK [2][-]{subsection.5.1}{Topological twists of the \(2,2\)-model}{section.5}% 24
\BOOKMARK [2][-]{subsection.5.2}{The \(para\)holomorphic twist of the \(2,0\)-model}{section.5}% 25
